2023-01-24 10:37:24.887  INFO 13268 --- [restartedMain] c.training.app.MyTrainingAppApplication  : Starting MyTrainingAppApplication using Java 15.0.2 on DESKTOP-OALDIS6 with PID 13268 (C:\Users\Hp\Desktop\Capgemini Batch\22 Dec 2022_Batch 2\Training Workspaces\module2\MyTrainingApp\bin\main started by Hp in C:\Users\Hp\Desktop\Capgemini Batch\22 Dec 2022_Batch 2\Training Workspaces\module2\MyTrainingApp)
2023-01-24 10:37:24.887  INFO 13268 --- [restartedMain] c.training.app.MyTrainingAppApplication  : No active profile set, falling back to 1 default profile: "default"
2023-01-24 10:37:25.158  INFO 13268 --- [restartedMain] o.apache.catalina.core.StandardService   : Starting service [Tomcat]
2023-01-24 10:37:25.159  INFO 13268 --- [restartedMain] org.apache.catalina.core.StandardEngine  : Starting Servlet engine: [Apache Tomcat/9.0.71]
2023-01-24 10:37:25.181  INFO 13268 --- [restartedMain] o.a.c.c.C.[Tomcat].[localhost].[/]       : Initializing Spring embedded WebApplicationContext
2023-01-24 10:37:25.214  INFO 13268 --- [restartedMain] o.hibernate.jpa.internal.util.LogHelper  : HHH000204: Processing PersistenceUnitInfo [name: default]
2023-01-24 10:37:25.221  INFO 13268 --- [restartedMain] com.zaxxer.hikari.HikariDataSource       : HikariPool-9 - Starting...
2023-01-24 10:37:25.281  INFO 13268 --- [restartedMain] com.zaxxer.hikari.HikariDataSource       : HikariPool-9 - Start completed.
2023-01-24 10:37:25.281  INFO 13268 --- [restartedMain] org.hibernate.dialect.Dialect            : HHH000400: Using dialect: org.hibernate.dialect.PostgreSQLDialect
2023-01-24 10:37:25.392  INFO 13268 --- [restartedMain] o.h.e.t.j.p.i.JtaPlatformInitiator       : HHH000490: Using JtaPlatform implementation: [org.hibernate.engine.transaction.jta.platform.internal.NoJtaPlatform]
2023-01-24 10:37:25.406  INFO 13268 --- [restartedMain] c.t.app.controller.CourseController      : ---Course Controller Called --
2023-01-24 10:37:25.407  WARN 13268 --- [restartedMain] c.t.app.controller.CourseController      : ---Course Controller Called --
2023-01-24 10:37:25.426  WARN 13268 --- [restartedMain] JpaBaseConfiguration$JpaWebConfiguration : spring.jpa.open-in-view is enabled by default. Therefore, database queries may be performed during view rendering. Explicitly configure spring.jpa.open-in-view to disable this warning
2023-01-24 10:37:25.744  INFO 13268 --- [restartedMain] c.training.app.MyTrainingAppApplication  : Started MyTrainingAppApplication in 0.896 seconds (JVM running for 603.388)
2023-01-24 10:37:30.860  INFO 13268 --- [http-nio-2002-exec-2] o.a.c.c.C.[Tomcat].[localhost].[/]       : Initializing Spring DispatcherServlet 'dispatcherServlet'
2023-01-24 10:38:09.154  INFO 13268 --- [Thread-35] o.apache.catalina.core.StandardService   : Stopping service [Tomcat]
2023-01-24 10:38:09.156  INFO 13268 --- [Thread-35] o.a.c.c.C.[Tomcat].[localhost].[/]       : Destroying Spring FrameworkServlet 'dispatcherServlet'
2023-01-24 10:38:09.166  INFO 13268 --- [Thread-35] com.zaxxer.hikari.HikariDataSource       : HikariPool-9 - Shutdown initiated...
2023-01-24 10:38:09.174  INFO 13268 --- [Thread-35] com.zaxxer.hikari.HikariDataSource       : HikariPool-9 - Shutdown completed.
2023-01-24 10:38:09.343  INFO 13268 --- [restartedMain] c.training.app.MyTrainingAppApplication  : Starting MyTrainingAppApplication using Java 15.0.2 on DESKTOP-OALDIS6 with PID 13268 (C:\Users\Hp\Desktop\Capgemini Batch\22 Dec 2022_Batch 2\Training Workspaces\module2\MyTrainingApp\bin\main started by Hp in C:\Users\Hp\Desktop\Capgemini Batch\22 Dec 2022_Batch 2\Training Workspaces\module2\MyTrainingApp)
2023-01-24 10:38:09.343  INFO 13268 --- [restartedMain] c.training.app.MyTrainingAppApplication  : No active profile set, falling back to 1 default profile: "default"
2023-01-24 10:38:10.125  INFO 13268 --- [restartedMain] o.apache.catalina.core.StandardService   : Starting service [Tomcat]
2023-01-24 10:38:10.125  INFO 13268 --- [restartedMain] org.apache.catalina.core.StandardEngine  : Starting Servlet engine: [Apache Tomcat/9.0.71]
2023-01-24 10:38:10.168  INFO 13268 --- [restartedMain] o.a.c.c.C.[Tomcat].[localhost].[/]       : Initializing Spring embedded WebApplicationContext
2023-01-24 10:38:10.214  INFO 13268 --- [restartedMain] o.hibernate.jpa.internal.util.LogHelper  : HHH000204: Processing PersistenceUnitInfo [name: default]
2023-01-24 10:38:10.225  INFO 13268 --- [restartedMain] com.zaxxer.hikari.HikariDataSource       : HikariPool-10 - Starting...
2023-01-24 10:38:10.330  INFO 13268 --- [restartedMain] com.zaxxer.hikari.HikariDataSource       : HikariPool-10 - Start completed.
2023-01-24 10:38:10.331  INFO 13268 --- [restartedMain] org.hibernate.dialect.Dialect            : HHH000400: Using dialect: org.hibernate.dialect.PostgreSQLDialect
2023-01-24 10:38:10.471  INFO 13268 --- [restartedMain] o.h.e.t.j.p.i.JtaPlatformInitiator       : HHH000490: Using JtaPlatform implementation: [org.hibernate.engine.transaction.jta.platform.internal.NoJtaPlatform]
2023-01-24 10:38:10.487  INFO 13268 --- [restartedMain] c.t.app.controller.CourseController      : ---Course Controller Called --
2023-01-24 10:38:10.487  WARN 13268 --- [restartedMain] c.t.app.controller.CourseController      : ---Course Controller Called --
2023-01-24 10:38:10.507  WARN 13268 --- [restartedMain] JpaBaseConfiguration$JpaWebConfiguration : spring.jpa.open-in-view is enabled by default. Therefore, database queries may be performed during view rendering. Explicitly configure spring.jpa.open-in-view to disable this warning
2023-01-24 10:38:10.846  INFO 13268 --- [restartedMain] c.training.app.MyTrainingAppApplication  : Started MyTrainingAppApplication in 1.557 seconds (JVM running for 648.49)
2023-01-24 10:38:44.484  INFO 8860 --- [restartedMain] c.training.app.MyTrainingAppApplication  : Starting MyTrainingAppApplication using Java 15.0.2 on DESKTOP-OALDIS6 with PID 8860 (C:\Users\Hp\Desktop\Capgemini Batch\22 Dec 2022_Batch 2\Training Workspaces\module2\MyTrainingApp\bin\main started by Hp in C:\Users\Hp\Desktop\Capgemini Batch\22 Dec 2022_Batch 2\Training Workspaces\module2\MyTrainingApp)
2023-01-24 10:38:44.489  INFO 8860 --- [restartedMain] c.training.app.MyTrainingAppApplication  : No active profile set, falling back to 1 default profile: "default"
2023-01-24 10:38:48.271  INFO 8860 --- [restartedMain] o.apache.catalina.core.StandardService   : Starting service [Tomcat]
2023-01-24 10:38:48.273  INFO 8860 --- [restartedMain] org.apache.catalina.core.StandardEngine  : Starting Servlet engine: [Apache Tomcat/9.0.71]
2023-01-24 10:38:48.534  INFO 8860 --- [restartedMain] o.a.c.c.C.[Tomcat].[localhost].[/]       : Initializing Spring embedded WebApplicationContext
2023-01-24 10:38:49.051  INFO 8860 --- [restartedMain] o.hibernate.jpa.internal.util.LogHelper  : HHH000204: Processing PersistenceUnitInfo [name: default]
2023-01-24 10:38:49.172  INFO 8860 --- [restartedMain] org.hibernate.Version                    : HHH000412: Hibernate ORM core version 5.6.14.Final
2023-01-24 10:38:49.686  INFO 8860 --- [restartedMain] o.hibernate.annotations.common.Version   : HCANN000001: Hibernate Commons Annotations {5.1.2.Final}
2023-01-24 10:38:50.044  INFO 8860 --- [restartedMain] com.zaxxer.hikari.HikariDataSource       : HikariPool-1 - Starting...
2023-01-24 10:38:50.475  INFO 8860 --- [restartedMain] com.zaxxer.hikari.HikariDataSource       : HikariPool-1 - Start completed.
2023-01-24 10:38:50.511  INFO 8860 --- [restartedMain] org.hibernate.dialect.Dialect            : HHH000400: Using dialect: org.hibernate.dialect.PostgreSQLDialect
2023-01-24 10:38:52.322  INFO 8860 --- [restartedMain] o.h.e.t.j.p.i.JtaPlatformInitiator       : HHH000490: Using JtaPlatform implementation: [org.hibernate.engine.transaction.jta.platform.internal.NoJtaPlatform]
2023-01-24 10:38:52.359  INFO 8860 --- [restartedMain] c.t.app.controller.CourseController      : ---Course Controller Called --
2023-01-24 10:38:52.359  WARN 8860 --- [restartedMain] c.t.app.controller.CourseController      : ---Course Controller Called --
2023-01-24 10:38:52.472  WARN 8860 --- [restartedMain] JpaBaseConfiguration$JpaWebConfiguration : spring.jpa.open-in-view is enabled by default. Therefore, database queries may be performed during view rendering. Explicitly configure spring.jpa.open-in-view to disable this warning
2023-01-24 10:38:54.055  INFO 8860 --- [restartedMain] c.training.app.MyTrainingAppApplication  : Started MyTrainingAppApplication in 10.567 seconds (JVM running for 11.679)
2023-01-24 10:44:21.955  INFO 17164 --- [restartedMain] c.training.app.MyTrainingAppApplication  : Starting MyTrainingAppApplication using Java 15.0.2 on DESKTOP-OALDIS6 with PID 17164 (C:\Users\Hp\Desktop\Capgemini Batch\22 Dec 2022_Batch 2\Training Workspaces\module2\MyTrainingApp\bin\main started by Hp in C:\Users\Hp\Desktop\Capgemini Batch\22 Dec 2022_Batch 2\Training Workspaces\module2\MyTrainingApp)
2023-01-24 10:44:21.959  INFO 17164 --- [restartedMain] c.training.app.MyTrainingAppApplication  : No active profile set, falling back to 1 default profile: "default"
2023-01-24 10:44:25.686  INFO 17164 --- [restartedMain] o.apache.catalina.core.StandardService   : Starting service [Tomcat]
2023-01-24 10:44:25.688  INFO 17164 --- [restartedMain] org.apache.catalina.core.StandardEngine  : Starting Servlet engine: [Apache Tomcat/9.0.71]
2023-01-24 10:44:25.918  INFO 17164 --- [restartedMain] o.a.c.c.C.[Tomcat].[localhost].[/]       : Initializing Spring embedded WebApplicationContext
2023-01-24 10:44:26.424  INFO 17164 --- [restartedMain] o.hibernate.jpa.internal.util.LogHelper  : HHH000204: Processing PersistenceUnitInfo [name: default]
2023-01-24 10:44:26.557  INFO 17164 --- [restartedMain] org.hibernate.Version                    : HHH000412: Hibernate ORM core version 5.6.14.Final
2023-01-24 10:44:27.009  INFO 17164 --- [restartedMain] o.hibernate.annotations.common.Version   : HCANN000001: Hibernate Commons Annotations {5.1.2.Final}
2023-01-24 10:44:27.279  INFO 17164 --- [restartedMain] com.zaxxer.hikari.HikariDataSource       : HikariPool-1 - Starting...
2023-01-24 10:44:27.706  INFO 17164 --- [restartedMain] com.zaxxer.hikari.HikariDataSource       : HikariPool-1 - Start completed.
2023-01-24 10:44:27.743  INFO 17164 --- [restartedMain] org.hibernate.dialect.Dialect            : HHH000400: Using dialect: org.hibernate.dialect.PostgreSQLDialect
2023-01-24 10:44:29.225  INFO 17164 --- [restartedMain] o.h.e.t.j.p.i.JtaPlatformInitiator       : HHH000490: Using JtaPlatform implementation: [org.hibernate.engine.transaction.jta.platform.internal.NoJtaPlatform]
2023-01-24 10:44:29.260  INFO 17164 --- [restartedMain] c.t.app.controller.CourseController      : ---Course Controller Called --
2023-01-24 10:44:29.260  WARN 17164 --- [restartedMain] c.t.app.controller.CourseController      : ---Course Controller Called --
2023-01-24 10:44:30.123  WARN 17164 --- [restartedMain] JpaBaseConfiguration$JpaWebConfiguration : spring.jpa.open-in-view is enabled by default. Therefore, database queries may be performed during view rendering. Explicitly configure spring.jpa.open-in-view to disable this warning
2023-01-24 10:44:31.057  INFO 17164 --- [restartedMain] c.training.app.MyTrainingAppApplication  : Started MyTrainingAppApplication in 10.047 seconds (JVM running for 11.421)
2023-01-24 10:46:15.044  INFO 17164 --- [http-nio-2002-exec-2] o.a.c.c.C.[Tomcat].[localhost].[/]       : Initializing Spring DispatcherServlet 'dispatcherServlet'
2023-01-24 10:47:36.583  INFO 17164 --- [Thread-5] o.apache.catalina.core.StandardService   : Stopping service [Tomcat]
2023-01-24 10:47:36.585  INFO 17164 --- [Thread-5] o.a.c.c.C.[Tomcat].[localhost].[/]       : Destroying Spring FrameworkServlet 'dispatcherServlet'
2023-01-24 10:47:36.605  INFO 17164 --- [Thread-5] com.zaxxer.hikari.HikariDataSource       : HikariPool-1 - Shutdown initiated...
2023-01-24 10:47:36.613  INFO 17164 --- [Thread-5] com.zaxxer.hikari.HikariDataSource       : HikariPool-1 - Shutdown completed.
2023-01-24 10:47:36.799  INFO 17164 --- [restartedMain] c.training.app.MyTrainingAppApplication  : Starting MyTrainingAppApplication using Java 15.0.2 on DESKTOP-OALDIS6 with PID 17164 (C:\Users\Hp\Desktop\Capgemini Batch\22 Dec 2022_Batch 2\Training Workspaces\module2\MyTrainingApp\bin\main started by Hp in C:\Users\Hp\Desktop\Capgemini Batch\22 Dec 2022_Batch 2\Training Workspaces\module2\MyTrainingApp)
2023-01-24 10:47:36.800  INFO 17164 --- [restartedMain] c.training.app.MyTrainingAppApplication  : No active profile set, falling back to 1 default profile: "default"
2023-01-24 10:47:37.711  INFO 17164 --- [restartedMain] o.apache.catalina.core.StandardService   : Starting service [Tomcat]
2023-01-24 10:47:37.712  INFO 17164 --- [restartedMain] org.apache.catalina.core.StandardEngine  : Starting Servlet engine: [Apache Tomcat/9.0.71]
2023-01-24 10:47:37.775  INFO 17164 --- [restartedMain] o.a.c.c.C.[Tomcat].[localhost].[/]       : Initializing Spring embedded WebApplicationContext
2023-01-24 10:47:37.895  INFO 17164 --- [restartedMain] o.hibernate.jpa.internal.util.LogHelper  : HHH000204: Processing PersistenceUnitInfo [name: default]
2023-01-24 10:47:37.914  INFO 17164 --- [restartedMain] com.zaxxer.hikari.HikariDataSource       : HikariPool-2 - Starting...
2023-01-24 10:47:38.047  INFO 17164 --- [restartedMain] com.zaxxer.hikari.HikariDataSource       : HikariPool-2 - Start completed.
2023-01-24 10:47:38.049  INFO 17164 --- [restartedMain] org.hibernate.dialect.Dialect            : HHH000400: Using dialect: org.hibernate.dialect.PostgreSQLDialect
2023-01-24 10:47:38.597  INFO 17164 --- [restartedMain] o.h.e.t.j.p.i.JtaPlatformInitiator       : HHH000490: Using JtaPlatform implementation: [org.hibernate.engine.transaction.jta.platform.internal.NoJtaPlatform]
2023-01-24 10:47:38.614  INFO 17164 --- [restartedMain] c.t.app.controller.CourseController      : ---Course Controller Called --
2023-01-24 10:47:38.615  WARN 17164 --- [restartedMain] c.t.app.controller.CourseController      : ---Course Controller Called --
2023-01-24 10:47:38.828  WARN 17164 --- [restartedMain] JpaBaseConfiguration$JpaWebConfiguration : spring.jpa.open-in-view is enabled by default. Therefore, database queries may be performed during view rendering. Explicitly configure spring.jpa.open-in-view to disable this warning
2023-01-24 10:47:39.183  INFO 17164 --- [restartedMain] c.training.app.MyTrainingAppApplication  : Started MyTrainingAppApplication in 2.49 seconds (JVM running for 199.547)
2023-01-24 10:53:14.025  INFO 17164 --- [Thread-7] o.apache.catalina.core.StandardService   : Stopping service [Tomcat]
2023-01-24 10:53:14.039  INFO 17164 --- [Thread-7] com.zaxxer.hikari.HikariDataSource       : HikariPool-2 - Shutdown initiated...
2023-01-24 10:53:14.050  INFO 17164 --- [Thread-7] com.zaxxer.hikari.HikariDataSource       : HikariPool-2 - Shutdown completed.
2023-01-24 10:53:14.202  INFO 17164 --- [restartedMain] c.training.app.MyTrainingAppApplication  : Starting MyTrainingAppApplication using Java 15.0.2 on DESKTOP-OALDIS6 with PID 17164 (C:\Users\Hp\Desktop\Capgemini Batch\22 Dec 2022_Batch 2\Training Workspaces\module2\MyTrainingApp\bin\main started by Hp in C:\Users\Hp\Desktop\Capgemini Batch\22 Dec 2022_Batch 2\Training Workspaces\module2\MyTrainingApp)
2023-01-24 10:53:14.203  INFO 17164 --- [restartedMain] c.training.app.MyTrainingAppApplication  : No active profile set, falling back to 1 default profile: "default"
2023-01-24 10:53:15.801  INFO 17164 --- [restartedMain] o.apache.catalina.core.StandardService   : Starting service [Tomcat]
2023-01-24 10:53:15.802  INFO 17164 --- [restartedMain] org.apache.catalina.core.StandardEngine  : Starting Servlet engine: [Apache Tomcat/9.0.71]
2023-01-24 10:53:15.974  INFO 17164 --- [restartedMain] o.a.c.c.C.[Tomcat].[localhost].[/]       : Initializing Spring embedded WebApplicationContext
2023-01-24 10:53:16.733  INFO 17164 --- [restartedMain] o.hibernate.jpa.internal.util.LogHelper  : HHH000204: Processing PersistenceUnitInfo [name: default]
2023-01-24 10:53:16.759  INFO 17164 --- [restartedMain] com.zaxxer.hikari.HikariDataSource       : HikariPool-3 - Starting...
2023-01-24 10:53:16.938  INFO 17164 --- [restartedMain] com.zaxxer.hikari.HikariDataSource       : HikariPool-3 - Start completed.
2023-01-24 10:53:16.940  INFO 17164 --- [restartedMain] org.hibernate.dialect.Dialect            : HHH000400: Using dialect: org.hibernate.dialect.PostgreSQLDialect
2023-01-24 10:53:17.056  INFO 17164 --- [restartedMain] o.h.e.t.j.p.i.JtaPlatformInitiator       : HHH000490: Using JtaPlatform implementation: [org.hibernate.engine.transaction.jta.platform.internal.NoJtaPlatform]
2023-01-24 10:53:17.073  INFO 17164 --- [restartedMain] c.t.app.controller.CourseController      : ---Course Controller Called --
2023-01-24 10:53:17.074  WARN 17164 --- [restartedMain] c.t.app.controller.CourseController      : ---Course Controller Called --
2023-01-24 10:53:17.248  WARN 17164 --- [restartedMain] JpaBaseConfiguration$JpaWebConfiguration : spring.jpa.open-in-view is enabled by default. Therefore, database queries may be performed during view rendering. Explicitly configure spring.jpa.open-in-view to disable this warning
2023-01-24 10:53:17.545  INFO 17164 --- [restartedMain] c.training.app.MyTrainingAppApplication  : Started MyTrainingAppApplication in 3.418 seconds (JVM running for 537.91)
2023-01-24 10:53:54.842  INFO 17164 --- [Thread-11] o.apache.catalina.core.StandardService   : Stopping service [Tomcat]
2023-01-24 10:53:54.853  INFO 17164 --- [Thread-11] com.zaxxer.hikari.HikariDataSource       : HikariPool-3 - Shutdown initiated...
2023-01-24 10:53:54.860  INFO 17164 --- [Thread-11] com.zaxxer.hikari.HikariDataSource       : HikariPool-3 - Shutdown completed.
2023-01-24 10:53:55.033  INFO 17164 --- [restartedMain] c.training.app.MyTrainingAppApplication  : Starting MyTrainingAppApplication using Java 15.0.2 on DESKTOP-OALDIS6 with PID 17164 (C:\Users\Hp\Desktop\Capgemini Batch\22 Dec 2022_Batch 2\Training Workspaces\module2\MyTrainingApp\bin\main started by Hp in C:\Users\Hp\Desktop\Capgemini Batch\22 Dec 2022_Batch 2\Training Workspaces\module2\MyTrainingApp)
2023-01-24 10:53:55.034  INFO 17164 --- [restartedMain] c.training.app.MyTrainingAppApplication  : No active profile set, falling back to 1 default profile: "default"
2023-01-24 10:53:55.589  INFO 17164 --- [restartedMain] o.apache.catalina.core.StandardService   : Starting service [Tomcat]
2023-01-24 10:53:55.590  INFO 17164 --- [restartedMain] org.apache.catalina.core.StandardEngine  : Starting Servlet engine: [Apache Tomcat/9.0.71]
2023-01-24 10:53:55.619  INFO 17164 --- [restartedMain] o.a.c.c.C.[Tomcat].[localhost].[/]       : Initializing Spring embedded WebApplicationContext
2023-01-24 10:53:55.650  INFO 17164 --- [restartedMain] o.hibernate.jpa.internal.util.LogHelper  : HHH000204: Processing PersistenceUnitInfo [name: default]
2023-01-24 10:53:55.655  INFO 17164 --- [restartedMain] com.zaxxer.hikari.HikariDataSource       : HikariPool-4 - Starting...
2023-01-24 10:53:55.711  INFO 17164 --- [restartedMain] com.zaxxer.hikari.HikariDataSource       : HikariPool-4 - Start completed.
2023-01-24 10:53:55.711  INFO 17164 --- [restartedMain] org.hibernate.dialect.Dialect            : HHH000400: Using dialect: org.hibernate.dialect.PostgreSQLDialect
2023-01-24 10:53:55.773  INFO 17164 --- [restartedMain] o.h.e.t.j.p.i.JtaPlatformInitiator       : HHH000490: Using JtaPlatform implementation: [org.hibernate.engine.transaction.jta.platform.internal.NoJtaPlatform]
2023-01-24 10:53:55.780  INFO 17164 --- [restartedMain] c.t.app.controller.CourseController      : ---Course Controller Called --
2023-01-24 10:53:55.780  WARN 17164 --- [restartedMain] c.t.app.controller.CourseController      : ---Course Controller Called --
2023-01-24 10:53:55.856  WARN 17164 --- [restartedMain] JpaBaseConfiguration$JpaWebConfiguration : spring.jpa.open-in-view is enabled by default. Therefore, database queries may be performed during view rendering. Explicitly configure spring.jpa.open-in-view to disable this warning
2023-01-24 10:53:56.031  INFO 17164 --- [restartedMain] c.training.app.MyTrainingAppApplication  : Started MyTrainingAppApplication in 1.068 seconds (JVM running for 576.395)
2023-01-24 10:54:12.803  INFO 17164 --- [Thread-15] o.apache.catalina.core.StandardService   : Stopping service [Tomcat]
2023-01-24 10:54:12.810  INFO 17164 --- [Thread-15] com.zaxxer.hikari.HikariDataSource       : HikariPool-4 - Shutdown initiated...
2023-01-24 10:54:12.815  INFO 17164 --- [Thread-15] com.zaxxer.hikari.HikariDataSource       : HikariPool-4 - Shutdown completed.
2023-01-24 10:54:13.018  INFO 17164 --- [restartedMain] c.training.app.MyTrainingAppApplication  : Starting MyTrainingAppApplication using Java 15.0.2 on DESKTOP-OALDIS6 with PID 17164 (C:\Users\Hp\Desktop\Capgemini Batch\22 Dec 2022_Batch 2\Training Workspaces\module2\MyTrainingApp\bin\main started by Hp in C:\Users\Hp\Desktop\Capgemini Batch\22 Dec 2022_Batch 2\Training Workspaces\module2\MyTrainingApp)
2023-01-24 10:54:13.018  INFO 17164 --- [restartedMain] c.training.app.MyTrainingAppApplication  : No active profile set, falling back to 1 default profile: "default"
2023-01-24 10:54:14.416  INFO 17164 --- [restartedMain] o.apache.catalina.core.StandardService   : Starting service [Tomcat]
2023-01-24 10:54:14.417  INFO 17164 --- [restartedMain] org.apache.catalina.core.StandardEngine  : Starting Servlet engine: [Apache Tomcat/9.0.71]
2023-01-24 10:54:14.532  INFO 17164 --- [restartedMain] o.a.c.c.C.[Tomcat].[localhost].[/]       : Initializing Spring embedded WebApplicationContext
2023-01-24 10:54:14.693  INFO 17164 --- [restartedMain] o.hibernate.jpa.internal.util.LogHelper  : HHH000204: Processing PersistenceUnitInfo [name: default]
2023-01-24 10:54:14.719  INFO 17164 --- [restartedMain] com.zaxxer.hikari.HikariDataSource       : HikariPool-5 - Starting...
2023-01-24 10:54:14.956  INFO 17164 --- [restartedMain] com.zaxxer.hikari.HikariDataSource       : HikariPool-5 - Start completed.
2023-01-24 10:54:14.959  INFO 17164 --- [restartedMain] org.hibernate.dialect.Dialect            : HHH000400: Using dialect: org.hibernate.dialect.PostgreSQLDialect
2023-01-24 10:54:15.168  INFO 17164 --- [restartedMain] o.h.e.t.j.p.i.JtaPlatformInitiator       : HHH000490: Using JtaPlatform implementation: [org.hibernate.engine.transaction.jta.platform.internal.NoJtaPlatform]
2023-01-24 10:54:15.186  INFO 17164 --- [restartedMain] c.t.app.controller.CourseController      : ---Course Controller Called --
2023-01-24 10:54:15.187  WARN 17164 --- [restartedMain] c.t.app.controller.CourseController      : ---Course Controller Called --
2023-01-24 10:54:15.414  WARN 17164 --- [restartedMain] JpaBaseConfiguration$JpaWebConfiguration : spring.jpa.open-in-view is enabled by default. Therefore, database queries may be performed during view rendering. Explicitly configure spring.jpa.open-in-view to disable this warning
2023-01-24 10:54:15.732  INFO 17164 --- [restartedMain] c.training.app.MyTrainingAppApplication  : Started MyTrainingAppApplication in 2.801 seconds (JVM running for 596.097)
2023-01-24 10:54:17.170  INFO 17164 --- [Thread-19] o.apache.catalina.core.StandardService   : Stopping service [Tomcat]
2023-01-24 10:54:17.179  INFO 17164 --- [Thread-19] com.zaxxer.hikari.HikariDataSource       : HikariPool-5 - Shutdown initiated...
2023-01-24 10:54:17.185  INFO 17164 --- [Thread-19] com.zaxxer.hikari.HikariDataSource       : HikariPool-5 - Shutdown completed.
2023-01-24 10:54:17.421  INFO 17164 --- [restartedMain] c.training.app.MyTrainingAppApplication  : Starting MyTrainingAppApplication using Java 15.0.2 on DESKTOP-OALDIS6 with PID 17164 (C:\Users\Hp\Desktop\Capgemini Batch\22 Dec 2022_Batch 2\Training Workspaces\module2\MyTrainingApp\bin\main started by Hp in C:\Users\Hp\Desktop\Capgemini Batch\22 Dec 2022_Batch 2\Training Workspaces\module2\MyTrainingApp)
2023-01-24 10:54:17.422  INFO 17164 --- [restartedMain] c.training.app.MyTrainingAppApplication  : No active profile set, falling back to 1 default profile: "default"
2023-01-24 10:54:18.137  INFO 17164 --- [restartedMain] o.apache.catalina.core.StandardService   : Starting service [Tomcat]
2023-01-24 10:54:18.138  INFO 17164 --- [restartedMain] org.apache.catalina.core.StandardEngine  : Starting Servlet engine: [Apache Tomcat/9.0.71]
2023-01-24 10:54:18.201  INFO 17164 --- [restartedMain] o.a.c.c.C.[Tomcat].[localhost].[/]       : Initializing Spring embedded WebApplicationContext
2023-01-24 10:54:18.271  INFO 17164 --- [restartedMain] o.hibernate.jpa.internal.util.LogHelper  : HHH000204: Processing PersistenceUnitInfo [name: default]
2023-01-24 10:54:18.292  INFO 17164 --- [restartedMain] com.zaxxer.hikari.HikariDataSource       : HikariPool-6 - Starting...
2023-01-24 10:54:18.429  INFO 17164 --- [restartedMain] com.zaxxer.hikari.HikariDataSource       : HikariPool-6 - Start completed.
2023-01-24 10:54:18.430  INFO 17164 --- [restartedMain] org.hibernate.dialect.Dialect            : HHH000400: Using dialect: org.hibernate.dialect.PostgreSQLDialect
2023-01-24 10:54:18.573  INFO 17164 --- [restartedMain] o.h.e.t.j.p.i.JtaPlatformInitiator       : HHH000490: Using JtaPlatform implementation: [org.hibernate.engine.transaction.jta.platform.internal.NoJtaPlatform]
2023-01-24 10:54:18.591  INFO 17164 --- [restartedMain] c.t.app.controller.CourseController      : ---Course Controller Called --
2023-01-24 10:54:18.592  WARN 17164 --- [restartedMain] c.t.app.controller.CourseController      : ---Course Controller Called --
2023-01-24 10:54:18.765  WARN 17164 --- [restartedMain] JpaBaseConfiguration$JpaWebConfiguration : spring.jpa.open-in-view is enabled by default. Therefore, database queries may be performed during view rendering. Explicitly configure spring.jpa.open-in-view to disable this warning
2023-01-24 10:54:18.996  INFO 17164 --- [restartedMain] c.training.app.MyTrainingAppApplication  : Started MyTrainingAppApplication in 1.659 seconds (JVM running for 599.36)
2023-01-24 10:55:31.136  INFO 17164 --- [http-nio-2002-exec-6] o.a.c.c.C.[Tomcat].[localhost].[/]       : Initializing Spring DispatcherServlet 'dispatcherServlet'
2023-01-24 10:59:06.659  INFO 17164 --- [Thread-23] o.apache.catalina.core.StandardService   : Stopping service [Tomcat]
2023-01-24 10:59:06.660  INFO 17164 --- [Thread-23] o.a.c.c.C.[Tomcat].[localhost].[/]       : Destroying Spring FrameworkServlet 'dispatcherServlet'
2023-01-24 10:59:06.667  INFO 17164 --- [Thread-23] com.zaxxer.hikari.HikariDataSource       : HikariPool-6 - Shutdown initiated...
2023-01-24 10:59:06.673  INFO 17164 --- [Thread-23] com.zaxxer.hikari.HikariDataSource       : HikariPool-6 - Shutdown completed.
2023-01-24 10:59:06.872  INFO 17164 --- [restartedMain] c.training.app.MyTrainingAppApplication  : Starting MyTrainingAppApplication using Java 15.0.2 on DESKTOP-OALDIS6 with PID 17164 (C:\Users\Hp\Desktop\Capgemini Batch\22 Dec 2022_Batch 2\Training Workspaces\module2\MyTrainingApp\bin\main started by Hp in C:\Users\Hp\Desktop\Capgemini Batch\22 Dec 2022_Batch 2\Training Workspaces\module2\MyTrainingApp)
2023-01-24 10:59:06.873  INFO 17164 --- [restartedMain] c.training.app.MyTrainingAppApplication  : No active profile set, falling back to 1 default profile: "default"
2023-01-24 10:59:07.460  INFO 17164 --- [restartedMain] o.apache.catalina.core.StandardService   : Starting service [Tomcat]
2023-01-24 10:59:07.462  INFO 17164 --- [restartedMain] org.apache.catalina.core.StandardEngine  : Starting Servlet engine: [Apache Tomcat/9.0.71]
2023-01-24 10:59:07.521  INFO 17164 --- [restartedMain] o.a.c.c.C.[Tomcat].[localhost].[/]       : Initializing Spring embedded WebApplicationContext
2023-01-24 10:59:07.576  INFO 17164 --- [restartedMain] o.hibernate.jpa.internal.util.LogHelper  : HHH000204: Processing PersistenceUnitInfo [name: default]
2023-01-24 10:59:07.591  INFO 17164 --- [restartedMain] com.zaxxer.hikari.HikariDataSource       : HikariPool-7 - Starting...
2023-01-24 10:59:07.687  INFO 17164 --- [restartedMain] com.zaxxer.hikari.HikariDataSource       : HikariPool-7 - Start completed.
2023-01-24 10:59:07.689  INFO 17164 --- [restartedMain] org.hibernate.dialect.Dialect            : HHH000400: Using dialect: org.hibernate.dialect.PostgreSQLDialect
2023-01-24 10:59:07.782  INFO 17164 --- [restartedMain] o.h.e.t.j.p.i.JtaPlatformInitiator       : HHH000490: Using JtaPlatform implementation: [org.hibernate.engine.transaction.jta.platform.internal.NoJtaPlatform]
2023-01-24 10:59:07.792  INFO 17164 --- [restartedMain] c.t.app.controller.CourseController      : ---Course Controller Called --
2023-01-24 10:59:07.792  WARN 17164 --- [restartedMain] c.t.app.controller.CourseController      : ---Course Controller Called --
2023-01-24 10:59:07.883  WARN 17164 --- [restartedMain] JpaBaseConfiguration$JpaWebConfiguration : spring.jpa.open-in-view is enabled by default. Therefore, database queries may be performed during view rendering. Explicitly configure spring.jpa.open-in-view to disable this warning
2023-01-24 10:59:08.068  INFO 17164 --- [restartedMain] c.training.app.MyTrainingAppApplication  : Started MyTrainingAppApplication in 1.252 seconds (JVM running for 888.433)
2023-01-24 10:59:28.872  INFO 17164 --- [Thread-27] o.apache.catalina.core.StandardService   : Stopping service [Tomcat]
2023-01-24 10:59:28.878  INFO 17164 --- [Thread-27] com.zaxxer.hikari.HikariDataSource       : HikariPool-7 - Shutdown initiated...
2023-01-24 10:59:28.882  INFO 17164 --- [Thread-27] com.zaxxer.hikari.HikariDataSource       : HikariPool-7 - Shutdown completed.
2023-01-24 10:59:29.036  INFO 17164 --- [restartedMain] c.training.app.MyTrainingAppApplication  : Starting MyTrainingAppApplication using Java 15.0.2 on DESKTOP-OALDIS6 with PID 17164 (C:\Users\Hp\Desktop\Capgemini Batch\22 Dec 2022_Batch 2\Training Workspaces\module2\MyTrainingApp\bin\main started by Hp in C:\Users\Hp\Desktop\Capgemini Batch\22 Dec 2022_Batch 2\Training Workspaces\module2\MyTrainingApp)
2023-01-24 10:59:29.037  INFO 17164 --- [restartedMain] c.training.app.MyTrainingAppApplication  : No active profile set, falling back to 1 default profile: "default"
2023-01-24 10:59:29.465  INFO 17164 --- [restartedMain] o.apache.catalina.core.StandardService   : Starting service [Tomcat]
2023-01-24 10:59:29.467  INFO 17164 --- [restartedMain] org.apache.catalina.core.StandardEngine  : Starting Servlet engine: [Apache Tomcat/9.0.71]
2023-01-24 10:59:29.524  INFO 17164 --- [restartedMain] o.a.c.c.C.[Tomcat].[localhost].[/]       : Initializing Spring embedded WebApplicationContext
2023-01-24 10:59:29.597  INFO 17164 --- [restartedMain] o.hibernate.jpa.internal.util.LogHelper  : HHH000204: Processing PersistenceUnitInfo [name: default]
2023-01-24 10:59:29.610  INFO 17164 --- [restartedMain] com.zaxxer.hikari.HikariDataSource       : HikariPool-8 - Starting...
2023-01-24 10:59:29.714  INFO 17164 --- [restartedMain] com.zaxxer.hikari.HikariDataSource       : HikariPool-8 - Start completed.
2023-01-24 10:59:29.715  INFO 17164 --- [restartedMain] org.hibernate.dialect.Dialect            : HHH000400: Using dialect: org.hibernate.dialect.PostgreSQLDialect
2023-01-24 10:59:29.813  INFO 17164 --- [restartedMain] o.h.e.t.j.p.i.JtaPlatformInitiator       : HHH000490: Using JtaPlatform implementation: [org.hibernate.engine.transaction.jta.platform.internal.NoJtaPlatform]
2023-01-24 10:59:29.826  INFO 17164 --- [restartedMain] c.t.app.controller.CourseController      : ---Course Controller Called --
2023-01-24 10:59:29.827  WARN 17164 --- [restartedMain] c.t.app.controller.CourseController      : ---Course Controller Called --
2023-01-24 10:59:29.939  WARN 17164 --- [restartedMain] JpaBaseConfiguration$JpaWebConfiguration : spring.jpa.open-in-view is enabled by default. Therefore, database queries may be performed during view rendering. Explicitly configure spring.jpa.open-in-view to disable this warning
2023-01-24 10:59:30.129  INFO 17164 --- [restartedMain] c.training.app.MyTrainingAppApplication  : Started MyTrainingAppApplication in 1.142 seconds (JVM running for 910.492)
2023-01-24 10:59:35.689  INFO 17164 --- [Thread-31] o.apache.catalina.core.StandardService   : Stopping service [Tomcat]
2023-01-24 10:59:35.697  INFO 17164 --- [Thread-31] com.zaxxer.hikari.HikariDataSource       : HikariPool-8 - Shutdown initiated...
2023-01-24 10:59:35.706  INFO 17164 --- [Thread-31] com.zaxxer.hikari.HikariDataSource       : HikariPool-8 - Shutdown completed.
2023-01-24 10:59:35.919  INFO 17164 --- [restartedMain] c.training.app.MyTrainingAppApplication  : Starting MyTrainingAppApplication using Java 15.0.2 on DESKTOP-OALDIS6 with PID 17164 (C:\Users\Hp\Desktop\Capgemini Batch\22 Dec 2022_Batch 2\Training Workspaces\module2\MyTrainingApp\bin\main started by Hp in C:\Users\Hp\Desktop\Capgemini Batch\22 Dec 2022_Batch 2\Training Workspaces\module2\MyTrainingApp)
2023-01-24 10:59:35.921  INFO 17164 --- [restartedMain] c.training.app.MyTrainingAppApplication  : No active profile set, falling back to 1 default profile: "default"
2023-01-24 10:59:36.344  INFO 17164 --- [restartedMain] o.apache.catalina.core.StandardService   : Starting service [Tomcat]
2023-01-24 10:59:36.344  INFO 17164 --- [restartedMain] org.apache.catalina.core.StandardEngine  : Starting Servlet engine: [Apache Tomcat/9.0.71]
2023-01-24 10:59:36.385  INFO 17164 --- [restartedMain] o.a.c.c.C.[Tomcat].[localhost].[/]       : Initializing Spring embedded WebApplicationContext
2023-01-24 10:59:36.433  INFO 17164 --- [restartedMain] o.hibernate.jpa.internal.util.LogHelper  : HHH000204: Processing PersistenceUnitInfo [name: default]
2023-01-24 10:59:36.443  INFO 17164 --- [restartedMain] com.zaxxer.hikari.HikariDataSource       : HikariPool-9 - Starting...
2023-01-24 10:59:36.547  INFO 17164 --- [restartedMain] com.zaxxer.hikari.HikariDataSource       : HikariPool-9 - Start completed.
2023-01-24 10:59:36.548  INFO 17164 --- [restartedMain] org.hibernate.dialect.Dialect            : HHH000400: Using dialect: org.hibernate.dialect.PostgreSQLDialect
2023-01-24 10:59:36.642  INFO 17164 --- [restartedMain] o.h.e.t.j.p.i.JtaPlatformInitiator       : HHH000490: Using JtaPlatform implementation: [org.hibernate.engine.transaction.jta.platform.internal.NoJtaPlatform]
2023-01-24 10:59:36.653  INFO 17164 --- [restartedMain] c.t.app.controller.CourseController      : ---Course Controller Called --
2023-01-24 10:59:36.654  WARN 17164 --- [restartedMain] c.t.app.controller.CourseController      : ---Course Controller Called --
2023-01-24 10:59:36.752  WARN 17164 --- [restartedMain] JpaBaseConfiguration$JpaWebConfiguration : spring.jpa.open-in-view is enabled by default. Therefore, database queries may be performed during view rendering. Explicitly configure spring.jpa.open-in-view to disable this warning
2023-01-24 10:59:36.998  INFO 17164 --- [restartedMain] c.training.app.MyTrainingAppApplication  : Started MyTrainingAppApplication in 1.149 seconds (JVM running for 917.361)
2023-01-24 10:59:54.763  INFO 17164 --- [Thread-35] o.apache.catalina.core.StandardService   : Stopping service [Tomcat]
2023-01-24 10:59:54.771  INFO 17164 --- [Thread-35] com.zaxxer.hikari.HikariDataSource       : HikariPool-9 - Shutdown initiated...
2023-01-24 10:59:54.775  INFO 17164 --- [Thread-35] com.zaxxer.hikari.HikariDataSource       : HikariPool-9 - Shutdown completed.
2023-01-24 10:59:54.948  INFO 17164 --- [restartedMain] c.training.app.MyTrainingAppApplication  : Starting MyTrainingAppApplication using Java 15.0.2 on DESKTOP-OALDIS6 with PID 17164 (C:\Users\Hp\Desktop\Capgemini Batch\22 Dec 2022_Batch 2\Training Workspaces\module2\MyTrainingApp\bin\main started by Hp in C:\Users\Hp\Desktop\Capgemini Batch\22 Dec 2022_Batch 2\Training Workspaces\module2\MyTrainingApp)
2023-01-24 10:59:54.949  INFO 17164 --- [restartedMain] c.training.app.MyTrainingAppApplication  : No active profile set, falling back to 1 default profile: "default"
2023-01-24 10:59:55.772  INFO 17164 --- [restartedMain] o.apache.catalina.core.StandardService   : Starting service [Tomcat]
2023-01-24 10:59:55.774  INFO 17164 --- [restartedMain] org.apache.catalina.core.StandardEngine  : Starting Servlet engine: [Apache Tomcat/9.0.71]
2023-01-24 10:59:55.896  INFO 17164 --- [restartedMain] o.a.c.c.C.[Tomcat].[localhost].[/]       : Initializing Spring embedded WebApplicationContext
2023-01-24 10:59:55.987  INFO 17164 --- [restartedMain] o.hibernate.jpa.internal.util.LogHelper  : HHH000204: Processing PersistenceUnitInfo [name: default]
2023-01-24 10:59:56.007  INFO 17164 --- [restartedMain] com.zaxxer.hikari.HikariDataSource       : HikariPool-10 - Starting...
2023-01-24 10:59:56.172  INFO 17164 --- [restartedMain] com.zaxxer.hikari.HikariDataSource       : HikariPool-10 - Start completed.
2023-01-24 10:59:56.174  INFO 17164 --- [restartedMain] org.hibernate.dialect.Dialect            : HHH000400: Using dialect: org.hibernate.dialect.PostgreSQLDialect
2023-01-24 10:59:56.301  INFO 17164 --- [restartedMain] o.h.e.t.j.p.i.JtaPlatformInitiator       : HHH000490: Using JtaPlatform implementation: [org.hibernate.engine.transaction.jta.platform.internal.NoJtaPlatform]
2023-01-24 10:59:56.318  INFO 17164 --- [restartedMain] c.t.app.controller.CourseController      : ---Course Controller Called --
2023-01-24 10:59:56.318  WARN 17164 --- [restartedMain] c.t.app.controller.CourseController      : ---Course Controller Called --
2023-01-24 10:59:56.454  WARN 17164 --- [restartedMain] JpaBaseConfiguration$JpaWebConfiguration : spring.jpa.open-in-view is enabled by default. Therefore, database queries may be performed during view rendering. Explicitly configure spring.jpa.open-in-view to disable this warning
2023-01-24 10:59:56.703  INFO 17164 --- [restartedMain] c.training.app.MyTrainingAppApplication  : Started MyTrainingAppApplication in 1.809 seconds (JVM running for 937.067)
2023-01-24 11:00:30.854  INFO 17164 --- [Thread-39] o.apache.catalina.core.StandardService   : Stopping service [Tomcat]
2023-01-24 11:00:30.859  INFO 17164 --- [Thread-39] com.zaxxer.hikari.HikariDataSource       : HikariPool-10 - Shutdown initiated...
2023-01-24 11:00:30.862  INFO 17164 --- [Thread-39] com.zaxxer.hikari.HikariDataSource       : HikariPool-10 - Shutdown completed.
2023-01-24 11:00:31.038  INFO 17164 --- [restartedMain] c.training.app.MyTrainingAppApplication  : Starting MyTrainingAppApplication using Java 15.0.2 on DESKTOP-OALDIS6 with PID 17164 (C:\Users\Hp\Desktop\Capgemini Batch\22 Dec 2022_Batch 2\Training Workspaces\module2\MyTrainingApp\bin\main started by Hp in C:\Users\Hp\Desktop\Capgemini Batch\22 Dec 2022_Batch 2\Training Workspaces\module2\MyTrainingApp)
2023-01-24 11:00:31.038  INFO 17164 --- [restartedMain] c.training.app.MyTrainingAppApplication  : No active profile set, falling back to 1 default profile: "default"
2023-01-24 11:00:31.597  INFO 17164 --- [restartedMain] o.apache.catalina.core.StandardService   : Starting service [Tomcat]
2023-01-24 11:00:31.597  INFO 17164 --- [restartedMain] org.apache.catalina.core.StandardEngine  : Starting Servlet engine: [Apache Tomcat/9.0.71]
2023-01-24 11:00:31.646  INFO 17164 --- [restartedMain] o.a.c.c.C.[Tomcat].[localhost].[/]       : Initializing Spring embedded WebApplicationContext
2023-01-24 11:00:31.713  INFO 17164 --- [restartedMain] o.hibernate.jpa.internal.util.LogHelper  : HHH000204: Processing PersistenceUnitInfo [name: default]
2023-01-24 11:00:31.727  INFO 17164 --- [restartedMain] com.zaxxer.hikari.HikariDataSource       : HikariPool-11 - Starting...
2023-01-24 11:00:31.922  INFO 17164 --- [restartedMain] com.zaxxer.hikari.HikariDataSource       : HikariPool-11 - Start completed.
2023-01-24 11:00:31.923  INFO 17164 --- [restartedMain] org.hibernate.dialect.Dialect            : HHH000400: Using dialect: org.hibernate.dialect.PostgreSQLDialect
2023-01-24 11:00:32.030  INFO 17164 --- [restartedMain] o.h.e.t.j.p.i.JtaPlatformInitiator       : HHH000490: Using JtaPlatform implementation: [org.hibernate.engine.transaction.jta.platform.internal.NoJtaPlatform]
2023-01-24 11:00:32.042  INFO 17164 --- [restartedMain] c.t.app.controller.CourseController      : ---Course Controller Called --
2023-01-24 11:00:32.043  WARN 17164 --- [restartedMain] c.t.app.controller.CourseController      : ---Course Controller Called --
2023-01-24 11:00:32.145  WARN 17164 --- [restartedMain] JpaBaseConfiguration$JpaWebConfiguration : spring.jpa.open-in-view is enabled by default. Therefore, database queries may be performed during view rendering. Explicitly configure spring.jpa.open-in-view to disable this warning
2023-01-24 11:00:32.322  INFO 17164 --- [restartedMain] c.training.app.MyTrainingAppApplication  : Started MyTrainingAppApplication in 1.348 seconds (JVM running for 972.686)
2023-01-24 11:00:48.971  INFO 17164 --- [Thread-43] o.apache.catalina.core.StandardService   : Stopping service [Tomcat]
2023-01-24 11:00:48.974  INFO 17164 --- [Thread-43] com.zaxxer.hikari.HikariDataSource       : HikariPool-11 - Shutdown initiated...
2023-01-24 11:00:48.978  INFO 17164 --- [Thread-43] com.zaxxer.hikari.HikariDataSource       : HikariPool-11 - Shutdown completed.
2023-01-24 11:00:49.064  INFO 17164 --- [restartedMain] c.training.app.MyTrainingAppApplication  : Starting MyTrainingAppApplication using Java 15.0.2 on DESKTOP-OALDIS6 with PID 17164 (C:\Users\Hp\Desktop\Capgemini Batch\22 Dec 2022_Batch 2\Training Workspaces\module2\MyTrainingApp\bin\main started by Hp in C:\Users\Hp\Desktop\Capgemini Batch\22 Dec 2022_Batch 2\Training Workspaces\module2\MyTrainingApp)
2023-01-24 11:00:49.065  INFO 17164 --- [restartedMain] c.training.app.MyTrainingAppApplication  : No active profile set, falling back to 1 default profile: "default"
2023-01-24 11:00:49.301  INFO 17164 --- [restartedMain] o.apache.catalina.core.StandardService   : Starting service [Tomcat]
2023-01-24 11:00:49.302  INFO 17164 --- [restartedMain] org.apache.catalina.core.StandardEngine  : Starting Servlet engine: [Apache Tomcat/9.0.71]
2023-01-24 11:00:49.323  INFO 17164 --- [restartedMain] o.a.c.c.C.[Tomcat].[localhost].[/]       : Initializing Spring embedded WebApplicationContext
2023-01-24 11:00:49.343  INFO 17164 --- [restartedMain] o.hibernate.jpa.internal.util.LogHelper  : HHH000204: Processing PersistenceUnitInfo [name: default]
2023-01-24 11:00:49.348  INFO 17164 --- [restartedMain] com.zaxxer.hikari.HikariDataSource       : HikariPool-12 - Starting...
2023-01-24 11:00:49.404  INFO 17164 --- [restartedMain] com.zaxxer.hikari.HikariDataSource       : HikariPool-12 - Start completed.
2023-01-24 11:00:49.404  INFO 17164 --- [restartedMain] org.hibernate.dialect.Dialect            : HHH000400: Using dialect: org.hibernate.dialect.PostgreSQLDialect
2023-01-24 11:00:49.717  INFO 17164 --- [restartedMain] o.h.e.t.j.p.i.JtaPlatformInitiator       : HHH000490: Using JtaPlatform implementation: [org.hibernate.engine.transaction.jta.platform.internal.NoJtaPlatform]
2023-01-24 11:00:49.732  INFO 17164 --- [restartedMain] c.t.app.controller.CourseController      : ---Course Controller Called --
2023-01-24 11:00:49.732  WARN 17164 --- [restartedMain] c.t.app.controller.CourseController      : ---Course Controller Called --
2023-01-24 11:00:49.843  WARN 17164 --- [restartedMain] JpaBaseConfiguration$JpaWebConfiguration : spring.jpa.open-in-view is enabled by default. Therefore, database queries may be performed during view rendering. Explicitly configure spring.jpa.open-in-view to disable this warning
2023-01-24 11:00:50.024  INFO 17164 --- [restartedMain] c.training.app.MyTrainingAppApplication  : Started MyTrainingAppApplication in 0.986 seconds (JVM running for 990.388)
2023-01-24 11:01:24.079  INFO 17164 --- [Thread-47] o.apache.catalina.core.StandardService   : Stopping service [Tomcat]
2023-01-24 11:01:24.085  INFO 17164 --- [Thread-47] com.zaxxer.hikari.HikariDataSource       : HikariPool-12 - Shutdown initiated...
2023-01-24 11:01:24.087  INFO 17164 --- [Thread-47] com.zaxxer.hikari.HikariDataSource       : HikariPool-12 - Shutdown completed.
2023-01-24 11:01:24.219  INFO 17164 --- [restartedMain] c.training.app.MyTrainingAppApplication  : Starting MyTrainingAppApplication using Java 15.0.2 on DESKTOP-OALDIS6 with PID 17164 (C:\Users\Hp\Desktop\Capgemini Batch\22 Dec 2022_Batch 2\Training Workspaces\module2\MyTrainingApp\bin\main started by Hp in C:\Users\Hp\Desktop\Capgemini Batch\22 Dec 2022_Batch 2\Training Workspaces\module2\MyTrainingApp)
2023-01-24 11:01:24.220  INFO 17164 --- [restartedMain] c.training.app.MyTrainingAppApplication  : No active profile set, falling back to 1 default profile: "default"
2023-01-24 11:01:24.476  INFO 17164 --- [restartedMain] o.apache.catalina.core.StandardService   : Starting service [Tomcat]
2023-01-24 11:01:24.477  INFO 17164 --- [restartedMain] org.apache.catalina.core.StandardEngine  : Starting Servlet engine: [Apache Tomcat/9.0.71]
2023-01-24 11:01:24.526  INFO 17164 --- [restartedMain] o.a.c.c.C.[Tomcat].[localhost].[/]       : Initializing Spring embedded WebApplicationContext
2023-01-24 11:01:24.553  INFO 17164 --- [restartedMain] o.hibernate.jpa.internal.util.LogHelper  : HHH000204: Processing PersistenceUnitInfo [name: default]
2023-01-24 11:01:24.558  INFO 17164 --- [restartedMain] com.zaxxer.hikari.HikariDataSource       : HikariPool-13 - Starting...
2023-01-24 11:01:24.610  INFO 17164 --- [restartedMain] com.zaxxer.hikari.HikariDataSource       : HikariPool-13 - Start completed.
2023-01-24 11:01:24.611  INFO 17164 --- [restartedMain] org.hibernate.dialect.Dialect            : HHH000400: Using dialect: org.hibernate.dialect.PostgreSQLDialect
2023-01-24 11:01:24.670  INFO 17164 --- [restartedMain] o.h.e.t.j.p.i.JtaPlatformInitiator       : HHH000490: Using JtaPlatform implementation: [org.hibernate.engine.transaction.jta.platform.internal.NoJtaPlatform]
2023-01-24 11:01:24.678  INFO 17164 --- [restartedMain] c.t.app.controller.CourseController      : ---Course Controller Called --
2023-01-24 11:01:24.678  WARN 17164 --- [restartedMain] c.t.app.controller.CourseController      : ---Course Controller Called --
2023-01-24 11:01:24.750  WARN 17164 --- [restartedMain] JpaBaseConfiguration$JpaWebConfiguration : spring.jpa.open-in-view is enabled by default. Therefore, database queries may be performed during view rendering. Explicitly configure spring.jpa.open-in-view to disable this warning
2023-01-24 11:01:24.858  INFO 17164 --- [restartedMain] c.training.app.MyTrainingAppApplication  : Started MyTrainingAppApplication in 0.675 seconds (JVM running for 1025.223)
2023-01-24 11:01:30.432  INFO 17164 --- [Thread-51] o.apache.catalina.core.StandardService   : Stopping service [Tomcat]
2023-01-24 11:01:30.437  INFO 17164 --- [Thread-51] com.zaxxer.hikari.HikariDataSource       : HikariPool-13 - Shutdown initiated...
2023-01-24 11:01:30.440  INFO 17164 --- [Thread-51] com.zaxxer.hikari.HikariDataSource       : HikariPool-13 - Shutdown completed.
2023-01-24 11:01:30.528  INFO 17164 --- [restartedMain] c.training.app.MyTrainingAppApplication  : Starting MyTrainingAppApplication using Java 15.0.2 on DESKTOP-OALDIS6 with PID 17164 (C:\Users\Hp\Desktop\Capgemini Batch\22 Dec 2022_Batch 2\Training Workspaces\module2\MyTrainingApp\bin\main started by Hp in C:\Users\Hp\Desktop\Capgemini Batch\22 Dec 2022_Batch 2\Training Workspaces\module2\MyTrainingApp)
2023-01-24 11:01:30.528  INFO 17164 --- [restartedMain] c.training.app.MyTrainingAppApplication  : No active profile set, falling back to 1 default profile: "default"
2023-01-24 11:01:30.734  INFO 17164 --- [restartedMain] o.apache.catalina.core.StandardService   : Starting service [Tomcat]
2023-01-24 11:01:30.734  INFO 17164 --- [restartedMain] org.apache.catalina.core.StandardEngine  : Starting Servlet engine: [Apache Tomcat/9.0.71]
2023-01-24 11:01:30.750  INFO 17164 --- [restartedMain] o.a.c.c.C.[Tomcat].[localhost].[/]       : Initializing Spring embedded WebApplicationContext
2023-01-24 11:01:30.768  INFO 17164 --- [restartedMain] o.hibernate.jpa.internal.util.LogHelper  : HHH000204: Processing PersistenceUnitInfo [name: default]
2023-01-24 11:01:30.772  INFO 17164 --- [restartedMain] com.zaxxer.hikari.HikariDataSource       : HikariPool-14 - Starting...
2023-01-24 11:01:30.825  INFO 17164 --- [restartedMain] com.zaxxer.hikari.HikariDataSource       : HikariPool-14 - Start completed.
2023-01-24 11:01:30.825  INFO 17164 --- [restartedMain] org.hibernate.dialect.Dialect            : HHH000400: Using dialect: org.hibernate.dialect.PostgreSQLDialect
2023-01-24 11:01:30.885  INFO 17164 --- [restartedMain] o.h.e.t.j.p.i.JtaPlatformInitiator       : HHH000490: Using JtaPlatform implementation: [org.hibernate.engine.transaction.jta.platform.internal.NoJtaPlatform]
2023-01-24 11:01:30.893  INFO 17164 --- [restartedMain] c.t.app.controller.CourseController      : ---Course Controller Called --
2023-01-24 11:01:30.893  WARN 17164 --- [restartedMain] c.t.app.controller.CourseController      : ---Course Controller Called --
2023-01-24 11:01:30.931  WARN 17164 --- [restartedMain] JpaBaseConfiguration$JpaWebConfiguration : spring.jpa.open-in-view is enabled by default. Therefore, database queries may be performed during view rendering. Explicitly configure spring.jpa.open-in-view to disable this warning
2023-01-24 11:01:31.040  INFO 17164 --- [restartedMain] c.training.app.MyTrainingAppApplication  : Started MyTrainingAppApplication in 0.534 seconds (JVM running for 1031.403)
2023-01-24 11:01:40.649  INFO 17164 --- [Thread-55] o.apache.catalina.core.StandardService   : Stopping service [Tomcat]
2023-01-24 11:01:40.656  INFO 17164 --- [Thread-55] com.zaxxer.hikari.HikariDataSource       : HikariPool-14 - Shutdown initiated...
2023-01-24 11:01:40.659  INFO 17164 --- [Thread-55] com.zaxxer.hikari.HikariDataSource       : HikariPool-14 - Shutdown completed.
2023-01-24 11:01:40.823  INFO 17164 --- [restartedMain] c.training.app.MyTrainingAppApplication  : Starting MyTrainingAppApplication using Java 15.0.2 on DESKTOP-OALDIS6 with PID 17164 (C:\Users\Hp\Desktop\Capgemini Batch\22 Dec 2022_Batch 2\Training Workspaces\module2\MyTrainingApp\bin\main started by Hp in C:\Users\Hp\Desktop\Capgemini Batch\22 Dec 2022_Batch 2\Training Workspaces\module2\MyTrainingApp)
2023-01-24 11:01:40.823  INFO 17164 --- [restartedMain] c.training.app.MyTrainingAppApplication  : No active profile set, falling back to 1 default profile: "default"
2023-01-24 11:01:41.294  INFO 17164 --- [restartedMain] o.apache.catalina.core.StandardService   : Starting service [Tomcat]
2023-01-24 11:01:41.295  INFO 17164 --- [restartedMain] org.apache.catalina.core.StandardEngine  : Starting Servlet engine: [Apache Tomcat/9.0.71]
2023-01-24 11:01:41.333  INFO 17164 --- [restartedMain] o.a.c.c.C.[Tomcat].[localhost].[/]       : Initializing Spring embedded WebApplicationContext
2023-01-24 11:01:41.383  INFO 17164 --- [restartedMain] o.hibernate.jpa.internal.util.LogHelper  : HHH000204: Processing PersistenceUnitInfo [name: default]
2023-01-24 11:01:41.393  INFO 17164 --- [restartedMain] com.zaxxer.hikari.HikariDataSource       : HikariPool-15 - Starting...
2023-01-24 11:01:41.512  INFO 17164 --- [restartedMain] com.zaxxer.hikari.HikariDataSource       : HikariPool-15 - Start completed.
2023-01-24 11:01:41.513  INFO 17164 --- [restartedMain] org.hibernate.dialect.Dialect            : HHH000400: Using dialect: org.hibernate.dialect.PostgreSQLDialect
2023-01-24 11:01:41.621  INFO 17164 --- [restartedMain] o.h.e.t.j.p.i.JtaPlatformInitiator       : HHH000490: Using JtaPlatform implementation: [org.hibernate.engine.transaction.jta.platform.internal.NoJtaPlatform]
2023-01-24 11:01:41.635  INFO 17164 --- [restartedMain] c.t.app.controller.CourseController      : ---Course Controller Called --
2023-01-24 11:01:41.636  WARN 17164 --- [restartedMain] c.t.app.controller.CourseController      : ---Course Controller Called --
2023-01-24 11:01:41.717  WARN 17164 --- [restartedMain] JpaBaseConfiguration$JpaWebConfiguration : spring.jpa.open-in-view is enabled by default. Therefore, database queries may be performed during view rendering. Explicitly configure spring.jpa.open-in-view to disable this warning
2023-01-24 11:01:41.852  INFO 17164 --- [restartedMain] c.training.app.MyTrainingAppApplication  : Started MyTrainingAppApplication in 1.08 seconds (JVM running for 1042.216)
2023-01-24 11:02:17.004  INFO 17164 --- [Thread-59] o.apache.catalina.core.StandardService   : Stopping service [Tomcat]
2023-01-24 11:02:17.014  INFO 17164 --- [Thread-59] com.zaxxer.hikari.HikariDataSource       : HikariPool-15 - Shutdown initiated...
2023-01-24 11:02:17.023  INFO 17164 --- [Thread-59] com.zaxxer.hikari.HikariDataSource       : HikariPool-15 - Shutdown completed.
2023-01-24 11:02:17.269  INFO 17164 --- [restartedMain] c.training.app.MyTrainingAppApplication  : Starting MyTrainingAppApplication using Java 15.0.2 on DESKTOP-OALDIS6 with PID 17164 (C:\Users\Hp\Desktop\Capgemini Batch\22 Dec 2022_Batch 2\Training Workspaces\module2\MyTrainingApp\bin\main started by Hp in C:\Users\Hp\Desktop\Capgemini Batch\22 Dec 2022_Batch 2\Training Workspaces\module2\MyTrainingApp)
2023-01-24 11:02:17.270  INFO 17164 --- [restartedMain] c.training.app.MyTrainingAppApplication  : No active profile set, falling back to 1 default profile: "default"
2023-01-24 11:02:17.773  INFO 17164 --- [restartedMain] o.apache.catalina.core.StandardService   : Starting service [Tomcat]
2023-01-24 11:02:17.773  INFO 17164 --- [restartedMain] org.apache.catalina.core.StandardEngine  : Starting Servlet engine: [Apache Tomcat/9.0.71]
2023-01-24 11:02:17.806  INFO 17164 --- [restartedMain] o.a.c.c.C.[Tomcat].[localhost].[/]       : Initializing Spring embedded WebApplicationContext
2023-01-24 11:02:17.870  INFO 17164 --- [restartedMain] o.hibernate.jpa.internal.util.LogHelper  : HHH000204: Processing PersistenceUnitInfo [name: default]
2023-01-24 11:02:17.881  INFO 17164 --- [restartedMain] com.zaxxer.hikari.HikariDataSource       : HikariPool-16 - Starting...
2023-01-24 11:02:18.017  INFO 17164 --- [restartedMain] com.zaxxer.hikari.HikariDataSource       : HikariPool-16 - Start completed.
2023-01-24 11:02:18.018  INFO 17164 --- [restartedMain] org.hibernate.dialect.Dialect            : HHH000400: Using dialect: org.hibernate.dialect.PostgreSQLDialect
2023-01-24 11:02:18.122  INFO 17164 --- [restartedMain] o.h.e.t.j.p.i.JtaPlatformInitiator       : HHH000490: Using JtaPlatform implementation: [org.hibernate.engine.transaction.jta.platform.internal.NoJtaPlatform]
2023-01-24 11:02:18.137  INFO 17164 --- [restartedMain] c.t.app.controller.CourseController      : ---Course Controller Called --
2023-01-24 11:02:18.138  WARN 17164 --- [restartedMain] c.t.app.controller.CourseController      : ---Course Controller Called --
2023-01-24 11:02:18.326  WARN 17164 --- [restartedMain] JpaBaseConfiguration$JpaWebConfiguration : spring.jpa.open-in-view is enabled by default. Therefore, database queries may be performed during view rendering. Explicitly configure spring.jpa.open-in-view to disable this warning
2023-01-24 11:02:18.573  INFO 17164 --- [restartedMain] c.training.app.MyTrainingAppApplication  : Started MyTrainingAppApplication in 1.382 seconds (JVM running for 1078.938)
2023-01-24 11:02:21.045  INFO 17164 --- [Thread-63] o.apache.catalina.core.StandardService   : Stopping service [Tomcat]
2023-01-24 11:02:21.054  INFO 17164 --- [Thread-63] com.zaxxer.hikari.HikariDataSource       : HikariPool-16 - Shutdown initiated...
2023-01-24 11:02:21.059  INFO 17164 --- [Thread-63] com.zaxxer.hikari.HikariDataSource       : HikariPool-16 - Shutdown completed.
2023-01-24 11:02:21.248  INFO 17164 --- [restartedMain] c.training.app.MyTrainingAppApplication  : Starting MyTrainingAppApplication using Java 15.0.2 on DESKTOP-OALDIS6 with PID 17164 (C:\Users\Hp\Desktop\Capgemini Batch\22 Dec 2022_Batch 2\Training Workspaces\module2\MyTrainingApp\bin\main started by Hp in C:\Users\Hp\Desktop\Capgemini Batch\22 Dec 2022_Batch 2\Training Workspaces\module2\MyTrainingApp)
2023-01-24 11:02:21.249  INFO 17164 --- [restartedMain] c.training.app.MyTrainingAppApplication  : No active profile set, falling back to 1 default profile: "default"
2023-01-24 11:02:21.503  INFO 17164 --- [restartedMain] o.apache.catalina.core.StandardService   : Starting service [Tomcat]
2023-01-24 11:02:21.503  INFO 17164 --- [restartedMain] org.apache.catalina.core.StandardEngine  : Starting Servlet engine: [Apache Tomcat/9.0.71]
2023-01-24 11:02:21.524  INFO 17164 --- [restartedMain] o.a.c.c.C.[Tomcat].[localhost].[/]       : Initializing Spring embedded WebApplicationContext
2023-01-24 11:02:21.552  INFO 17164 --- [restartedMain] o.hibernate.jpa.internal.util.LogHelper  : HHH000204: Processing PersistenceUnitInfo [name: default]
2023-01-24 11:02:21.558  INFO 17164 --- [restartedMain] com.zaxxer.hikari.HikariDataSource       : HikariPool-17 - Starting...
2023-01-24 11:02:21.609  INFO 17164 --- [restartedMain] com.zaxxer.hikari.HikariDataSource       : HikariPool-17 - Start completed.
2023-01-24 11:02:21.610  INFO 17164 --- [restartedMain] org.hibernate.dialect.Dialect            : HHH000400: Using dialect: org.hibernate.dialect.PostgreSQLDialect
2023-01-24 11:02:21.675  INFO 17164 --- [restartedMain] o.h.e.t.j.p.i.JtaPlatformInitiator       : HHH000490: Using JtaPlatform implementation: [org.hibernate.engine.transaction.jta.platform.internal.NoJtaPlatform]
2023-01-24 11:02:21.684  INFO 17164 --- [restartedMain] c.t.app.controller.CourseController      : ---Course Controller Called --
2023-01-24 11:02:21.684  WARN 17164 --- [restartedMain] c.t.app.controller.CourseController      : ---Course Controller Called --
2023-01-24 11:02:21.737  WARN 17164 --- [restartedMain] ConfigServletWebServerApplicationContext : Exception encountered during context initialization - cancelling refresh attempt: org.springframework.beans.factory.UnsatisfiedDependencyException: Error creating bean with name 'courseController': Unsatisfied dependency expressed through field 'courseAdminDTO'; nested exception is org.springframework.beans.factory.NoSuchBeanDefinitionException: No qualifying bean of type 'com.training.app.dto.CourseAdminResponseDTO' available: expected at least 1 bean which qualifies as autowire candidate. Dependency annotations: {@org.springframework.beans.factory.annotation.Autowired(required=true)}
2023-01-24 11:02:21.738  INFO 17164 --- [restartedMain] com.zaxxer.hikari.HikariDataSource       : HikariPool-17 - Shutdown initiated...
2023-01-24 11:02:21.790  INFO 17164 --- [restartedMain] com.zaxxer.hikari.HikariDataSource       : HikariPool-17 - Shutdown completed.
2023-01-24 11:02:21.791  INFO 17164 --- [restartedMain] o.apache.catalina.core.StandardService   : Stopping service [Tomcat]
2023-01-24 11:02:21.831 ERROR 17164 --- [restartedMain] o.s.b.d.LoggingFailureAnalysisReporter   : 

***************************
APPLICATION FAILED TO START
***************************

Description:

Field courseAdminDTO in com.training.app.controller.CourseController required a bean of type 'com.training.app.dto.CourseAdminResponseDTO' that could not be found.

The injection point has the following annotations:
	- @org.springframework.beans.factory.annotation.Autowired(required=true)


Action:

Consider defining a bean of type 'com.training.app.dto.CourseAdminResponseDTO' in your configuration.

2023-01-24 11:02:56.930  INFO 17164 --- [restartedMain] c.training.app.MyTrainingAppApplication  : Starting MyTrainingAppApplication using Java 15.0.2 on DESKTOP-OALDIS6 with PID 17164 (C:\Users\Hp\Desktop\Capgemini Batch\22 Dec 2022_Batch 2\Training Workspaces\module2\MyTrainingApp\bin\main started by Hp in C:\Users\Hp\Desktop\Capgemini Batch\22 Dec 2022_Batch 2\Training Workspaces\module2\MyTrainingApp)
2023-01-24 11:02:56.931  INFO 17164 --- [restartedMain] c.training.app.MyTrainingAppApplication  : No active profile set, falling back to 1 default profile: "default"
2023-01-24 11:02:57.291  INFO 17164 --- [restartedMain] o.apache.catalina.core.StandardService   : Starting service [Tomcat]
2023-01-24 11:02:57.291  INFO 17164 --- [restartedMain] org.apache.catalina.core.StandardEngine  : Starting Servlet engine: [Apache Tomcat/9.0.71]
2023-01-24 11:02:57.332  INFO 17164 --- [restartedMain] o.a.c.c.C.[Tomcat-1].[localhost].[/]     : Initializing Spring embedded WebApplicationContext
2023-01-24 11:02:57.382  INFO 17164 --- [restartedMain] o.hibernate.jpa.internal.util.LogHelper  : HHH000204: Processing PersistenceUnitInfo [name: default]
2023-01-24 11:02:57.390  INFO 17164 --- [restartedMain] com.zaxxer.hikari.HikariDataSource       : HikariPool-18 - Starting...
2023-01-24 11:02:57.512  INFO 17164 --- [restartedMain] com.zaxxer.hikari.HikariDataSource       : HikariPool-18 - Start completed.
2023-01-24 11:02:57.517  INFO 17164 --- [restartedMain] org.hibernate.dialect.Dialect            : HHH000400: Using dialect: org.hibernate.dialect.PostgreSQLDialect
2023-01-24 11:02:57.598  INFO 17164 --- [restartedMain] o.h.e.t.j.p.i.JtaPlatformInitiator       : HHH000490: Using JtaPlatform implementation: [org.hibernate.engine.transaction.jta.platform.internal.NoJtaPlatform]
2023-01-24 11:02:57.609  INFO 17164 --- [restartedMain] c.t.app.controller.CourseController      : ---Course Controller Called --
2023-01-24 11:02:57.609  WARN 17164 --- [restartedMain] c.t.app.controller.CourseController      : ---Course Controller Called --
2023-01-24 11:02:57.691  WARN 17164 --- [restartedMain] JpaBaseConfiguration$JpaWebConfiguration : spring.jpa.open-in-view is enabled by default. Therefore, database queries may be performed during view rendering. Explicitly configure spring.jpa.open-in-view to disable this warning
2023-01-24 11:02:57.811  INFO 17164 --- [restartedMain] c.training.app.MyTrainingAppApplication  : Started MyTrainingAppApplication in 0.92 seconds (JVM running for 1118.175)
2023-01-24 11:03:50.309  INFO 17164 --- [Thread-67] o.apache.catalina.core.StandardService   : Stopping service [Tomcat]
2023-01-24 11:03:50.316  INFO 17164 --- [Thread-67] com.zaxxer.hikari.HikariDataSource       : HikariPool-18 - Shutdown initiated...
2023-01-24 11:03:50.328  INFO 17164 --- [Thread-67] com.zaxxer.hikari.HikariDataSource       : HikariPool-18 - Shutdown completed.
2023-01-24 11:03:50.486  INFO 17164 --- [restartedMain] c.training.app.MyTrainingAppApplication  : Starting MyTrainingAppApplication using Java 15.0.2 on DESKTOP-OALDIS6 with PID 17164 (C:\Users\Hp\Desktop\Capgemini Batch\22 Dec 2022_Batch 2\Training Workspaces\module2\MyTrainingApp\bin\main started by Hp in C:\Users\Hp\Desktop\Capgemini Batch\22 Dec 2022_Batch 2\Training Workspaces\module2\MyTrainingApp)
2023-01-24 11:03:50.487  INFO 17164 --- [restartedMain] c.training.app.MyTrainingAppApplication  : No active profile set, falling back to 1 default profile: "default"
2023-01-24 11:03:50.847  INFO 17164 --- [restartedMain] o.apache.catalina.core.StandardService   : Starting service [Tomcat]
2023-01-24 11:03:50.847  INFO 17164 --- [restartedMain] org.apache.catalina.core.StandardEngine  : Starting Servlet engine: [Apache Tomcat/9.0.71]
2023-01-24 11:03:50.886  INFO 17164 --- [restartedMain] o.a.c.c.C.[Tomcat-1].[localhost].[/]     : Initializing Spring embedded WebApplicationContext
2023-01-24 11:03:50.931  INFO 17164 --- [restartedMain] o.hibernate.jpa.internal.util.LogHelper  : HHH000204: Processing PersistenceUnitInfo [name: default]
2023-01-24 11:03:50.941  INFO 17164 --- [restartedMain] com.zaxxer.hikari.HikariDataSource       : HikariPool-19 - Starting...
2023-01-24 11:03:51.031  INFO 17164 --- [restartedMain] com.zaxxer.hikari.HikariDataSource       : HikariPool-19 - Start completed.
2023-01-24 11:03:51.031  INFO 17164 --- [restartedMain] org.hibernate.dialect.Dialect            : HHH000400: Using dialect: org.hibernate.dialect.PostgreSQLDialect
2023-01-24 11:03:51.124  INFO 17164 --- [restartedMain] o.h.e.t.j.p.i.JtaPlatformInitiator       : HHH000490: Using JtaPlatform implementation: [org.hibernate.engine.transaction.jta.platform.internal.NoJtaPlatform]
2023-01-24 11:03:51.135  INFO 17164 --- [restartedMain] c.t.app.controller.CourseController      : ---Course Controller Called --
2023-01-24 11:03:51.135  WARN 17164 --- [restartedMain] c.t.app.controller.CourseController      : ---Course Controller Called --
2023-01-24 11:03:51.210  WARN 17164 --- [restartedMain] JpaBaseConfiguration$JpaWebConfiguration : spring.jpa.open-in-view is enabled by default. Therefore, database queries may be performed during view rendering. Explicitly configure spring.jpa.open-in-view to disable this warning
2023-01-24 11:03:51.338  INFO 17164 --- [restartedMain] c.training.app.MyTrainingAppApplication  : Started MyTrainingAppApplication in 0.891 seconds (JVM running for 1171.701)
2023-01-24 11:04:12.172  INFO 17164 --- [Thread-74] o.apache.catalina.core.StandardService   : Stopping service [Tomcat]
2023-01-24 11:04:12.176  INFO 17164 --- [Thread-74] com.zaxxer.hikari.HikariDataSource       : HikariPool-19 - Shutdown initiated...
2023-01-24 11:04:12.181  INFO 17164 --- [Thread-74] com.zaxxer.hikari.HikariDataSource       : HikariPool-19 - Shutdown completed.
2023-01-24 11:04:12.334  INFO 17164 --- [restartedMain] c.training.app.MyTrainingAppApplication  : Starting MyTrainingAppApplication using Java 15.0.2 on DESKTOP-OALDIS6 with PID 17164 (C:\Users\Hp\Desktop\Capgemini Batch\22 Dec 2022_Batch 2\Training Workspaces\module2\MyTrainingApp\bin\main started by Hp in C:\Users\Hp\Desktop\Capgemini Batch\22 Dec 2022_Batch 2\Training Workspaces\module2\MyTrainingApp)
2023-01-24 11:04:12.334  INFO 17164 --- [restartedMain] c.training.app.MyTrainingAppApplication  : No active profile set, falling back to 1 default profile: "default"
2023-01-24 11:04:12.685  INFO 17164 --- [restartedMain] o.apache.catalina.core.StandardService   : Starting service [Tomcat]
2023-01-24 11:04:12.686  INFO 17164 --- [restartedMain] org.apache.catalina.core.StandardEngine  : Starting Servlet engine: [Apache Tomcat/9.0.71]
2023-01-24 11:04:12.723  INFO 17164 --- [restartedMain] o.a.c.c.C.[Tomcat-1].[localhost].[/]     : Initializing Spring embedded WebApplicationContext
2023-01-24 11:04:12.760  INFO 17164 --- [restartedMain] o.hibernate.jpa.internal.util.LogHelper  : HHH000204: Processing PersistenceUnitInfo [name: default]
2023-01-24 11:04:12.768  INFO 17164 --- [restartedMain] com.zaxxer.hikari.HikariDataSource       : HikariPool-20 - Starting...
2023-01-24 11:04:12.859  INFO 17164 --- [restartedMain] com.zaxxer.hikari.HikariDataSource       : HikariPool-20 - Start completed.
2023-01-24 11:04:12.860  INFO 17164 --- [restartedMain] org.hibernate.dialect.Dialect            : HHH000400: Using dialect: org.hibernate.dialect.PostgreSQLDialect
2023-01-24 11:04:12.961  INFO 17164 --- [restartedMain] o.h.e.t.j.p.i.JtaPlatformInitiator       : HHH000490: Using JtaPlatform implementation: [org.hibernate.engine.transaction.jta.platform.internal.NoJtaPlatform]
2023-01-24 11:04:12.976  INFO 17164 --- [restartedMain] c.t.app.controller.CourseController      : ---Course Controller Called --
2023-01-24 11:04:12.976  WARN 17164 --- [restartedMain] c.t.app.controller.CourseController      : ---Course Controller Called --
2023-01-24 11:04:13.055  WARN 17164 --- [restartedMain] JpaBaseConfiguration$JpaWebConfiguration : spring.jpa.open-in-view is enabled by default. Therefore, database queries may be performed during view rendering. Explicitly configure spring.jpa.open-in-view to disable this warning
2023-01-24 11:04:13.196  INFO 17164 --- [restartedMain] c.training.app.MyTrainingAppApplication  : Started MyTrainingAppApplication in 0.905 seconds (JVM running for 1193.56)
2023-01-24 11:04:38.146  INFO 17164 --- [Thread-78] o.apache.catalina.core.StandardService   : Stopping service [Tomcat]
2023-01-24 11:04:38.153  INFO 17164 --- [Thread-78] com.zaxxer.hikari.HikariDataSource       : HikariPool-20 - Shutdown initiated...
2023-01-24 11:04:38.157  INFO 17164 --- [Thread-78] com.zaxxer.hikari.HikariDataSource       : HikariPool-20 - Shutdown completed.
2023-01-24 11:04:38.334  INFO 17164 --- [restartedMain] c.training.app.MyTrainingAppApplication  : Starting MyTrainingAppApplication using Java 15.0.2 on DESKTOP-OALDIS6 with PID 17164 (C:\Users\Hp\Desktop\Capgemini Batch\22 Dec 2022_Batch 2\Training Workspaces\module2\MyTrainingApp\bin\main started by Hp in C:\Users\Hp\Desktop\Capgemini Batch\22 Dec 2022_Batch 2\Training Workspaces\module2\MyTrainingApp)
2023-01-24 11:04:38.334  INFO 17164 --- [restartedMain] c.training.app.MyTrainingAppApplication  : No active profile set, falling back to 1 default profile: "default"
2023-01-24 11:04:38.880  INFO 17164 --- [restartedMain] o.apache.catalina.core.StandardService   : Starting service [Tomcat]
2023-01-24 11:04:38.880  INFO 17164 --- [restartedMain] org.apache.catalina.core.StandardEngine  : Starting Servlet engine: [Apache Tomcat/9.0.71]
2023-01-24 11:04:38.914  INFO 17164 --- [restartedMain] o.a.c.c.C.[Tomcat-1].[localhost].[/]     : Initializing Spring embedded WebApplicationContext
2023-01-24 11:04:38.953  INFO 17164 --- [restartedMain] o.hibernate.jpa.internal.util.LogHelper  : HHH000204: Processing PersistenceUnitInfo [name: default]
2023-01-24 11:04:38.961  INFO 17164 --- [restartedMain] com.zaxxer.hikari.HikariDataSource       : HikariPool-21 - Starting...
2023-01-24 11:04:39.047  INFO 17164 --- [restartedMain] com.zaxxer.hikari.HikariDataSource       : HikariPool-21 - Start completed.
2023-01-24 11:04:39.048  INFO 17164 --- [restartedMain] org.hibernate.dialect.Dialect            : HHH000400: Using dialect: org.hibernate.dialect.PostgreSQLDialect
2023-01-24 11:04:39.124  INFO 17164 --- [restartedMain] o.h.e.t.j.p.i.JtaPlatformInitiator       : HHH000490: Using JtaPlatform implementation: [org.hibernate.engine.transaction.jta.platform.internal.NoJtaPlatform]
2023-01-24 11:04:39.135  INFO 17164 --- [restartedMain] c.t.app.controller.CourseController      : ---Course Controller Called --
2023-01-24 11:04:39.135  WARN 17164 --- [restartedMain] c.t.app.controller.CourseController      : ---Course Controller Called --
2023-01-24 11:04:39.221  WARN 17164 --- [restartedMain] JpaBaseConfiguration$JpaWebConfiguration : spring.jpa.open-in-view is enabled by default. Therefore, database queries may be performed during view rendering. Explicitly configure spring.jpa.open-in-view to disable this warning
2023-01-24 11:04:39.373  INFO 17164 --- [restartedMain] c.training.app.MyTrainingAppApplication  : Started MyTrainingAppApplication in 1.08 seconds (JVM running for 1219.737)
2023-01-24 11:05:09.035  INFO 17164 --- [http-nio-2002-exec-2] o.a.c.c.C.[Tomcat-1].[localhost].[/]     : Initializing Spring DispatcherServlet 'dispatcherServlet'
